<?xml version="1.0" encoding="UTF-8"?>
<testng-results ignored="0" total="2" passed="2" failed="0" skipped="0">
  <reporter-output>
  </reporter-output>
  <suite started-at="2023-04-05T09:42:57Z" name="Default suite" finished-at="2023-04-05T09:42:57Z" duration-ms="63">
    <groups>
    </groups>
    <test started-at="2023-04-05T09:42:57Z" name="Default test" finished-at="2023-04-05T09:42:57Z" duration-ms="63">
      <class name="veeru.testScript_01">
        <test-method signature="Mango()[pri:0, instance:veeru.testScript_01@732d0d24]" started-at="2023-04-05T09:42:57Z" name="Mango" finished-at="2023-04-05T09:42:57Z" duration-ms="25" status="PASS">
          <reporter-output>
          </reporter-output>
        </test-method> <!-- Mango -->
        <test-method signature="demo()[pri:0, instance:veeru.testScript_01@732d0d24]" started-at="2023-04-05T09:42:57Z" name="demo" finished-at="2023-04-05T09:42:57Z" duration-ms="3" status="PASS">
          <reporter-output>
          </reporter-output>
        </test-method> <!-- demo -->
      </class> <!-- veeru.testScript_01 -->
    </test> <!-- Default test -->
  </suite> <!-- Default suite -->
</testng-results>
